--------- beginning of main
05-13 12:48:14.020 I/ReactNativeJS(19774): Running "main" with {"rootTag":1,"initialProps":{},"fabric":true}
05-13 12:48:14.343 I/ReactNativeJS(19774): '[analytics]', 'sync_started', { trigger: 'cold_start' }
05-13 12:48:14.351 I/ReactNativeJS(19774): '[analytics]', 'health_platform_read_skipped', { trigger: 'foreground', reason: 'no_user' }
05-13 12:48:14.376 I/ReactNativeJS(19774): '[analytics]', 'background_sync_registered', { intervalMin: 15 }
05-13 12:48:14.550 I/ReactNativeJS(19774): '[analytics]', 'push_permission_denied', ''
05-13 12:48:17.169 I/ReactNativeJS(19774): [ble-trace] applyDeviceConfig skipped — dirty=false force=false sinceFlushMs=2359689 (debounce 3600000ms)
05-13 12:48:17.322 I/ReactNativeJS(19774): [ble-trace] notify cmd=0x01 payload[0..3]=00 00 00 00 listeners=1
05-13 12:48:17.323 I/ReactNativeJS(19774): [ble-trace] syncBacklog enter deviceBleId=CA:BF:55:1F:01:3C lastSync=1778645920 (filter-only; query is TS=0)
05-13 12:48:17.413 I/ReactNativeJS(19774): [ble-trace] notify cmd=0x14 payload[0..3]=a0 fb 03 6a listeners=1
05-13 12:48:17.415 I/ReactNativeJS(19774): [ble-trace] parseBPReading ts=1778645920 bytes[0..7]=a0 fb 03 6a 5b 91 53 00 decoded: dia=91 sys=145 pulse=83
05-13 12:48:17.416 I/ReactNativeJS(19774): [ble-trace] notify cmd=0x14 payload[0..3]=2e ee 03 6a listeners=1
05-13 12:48:17.416 I/ReactNativeJS(19774): [ble-trace] parseBPReading ts=1778642478 bytes[0..7]=2e ee 03 6a 55 91 4b 00 decoded: dia=85 sys=145 pulse=75
05-13 12:48:17.417 I/ReactNativeJS(19774): [ble-trace] notify cmd=0x14 payload[0..3]=19 e8 03 6a listeners=1
05-13 12:48:17.417 I/ReactNativeJS(19774): [ble-trace] parseBPReading ts=1778640921 bytes[0..7]=19 e8 03 6a 50 85 45 00 decoded: dia=80 sys=133 pulse=69
05-13 12:48:17.418 I/ReactNativeJS(19774): [ble-trace] notify cmd=0x14 payload[0..3]=37 da 03 6a listeners=1
05-13 12:48:17.418 I/ReactNativeJS(19774): [ble-trace] parseBPReading ts=1778637367 bytes[0..7]=37 da 03 6a 4e 8a 53 00 decoded: dia=78 sys=138 pulse=83
05-13 12:48:17.419 I/ReactNativeJS(19774): [ble-trace] notify cmd=0x14 payload[0..3]=d0 49 03 6a listeners=1
05-13 12:48:17.419 I/ReactNativeJS(19774): [ble-trace] parseBPReading ts=1778600400 bytes[0..7]=d0 49 03 6a 54 88 4e 00 decoded: dia=84 sys=136 pulse=78
05-13 12:48:17.419 I/ReactNativeJS(19774): [ble-trace] notify cmd=0x14 payload[0..3]=b6 45 03 6a listeners=1
05-13 12:48:17.420 I/ReactNativeJS(19774): [ble-trace] parseBPReading ts=1778599350 bytes[0..7]=b6 45 03 6a 56 96 53 00 decoded: dia=86 sys=150 pulse=83
05-13 12:48:17.420 I/ReactNativeJS(19774): [ble-trace] notify cmd=0x14 payload[0..3]=5b 41 03 6a listeners=1
05-13 12:48:17.420 I/ReactNativeJS(19774): [ble-trace] parseBPReading ts=1778598235 bytes[0..7]=5b 41 03 6a 56 8b 53 00 decoded: dia=86 sys=139 pulse=83
05-13 12:48:17.421 I/ReactNativeJS(19774): [ble-trace] notify cmd=0x14 payload[0..3]=a2 3d 03 6a listeners=1
05-13 12:48:17.421 I/ReactNativeJS(19774): [ble-trace] parseBPReading ts=1778597282 bytes[0..7]=a2 3d 03 6a 56 90 51 00 decoded: dia=86 sys=144 pulse=81
05-13 12:48:17.421 I/ReactNativeJS(19774): [ble-trace] notify cmd=0x14 payload[0..3]=7c 7d 02 6a listeners=1
05-13 12:48:17.421 I/ReactNativeJS(19774): [ble-trace] parseBPReading ts=1778548092 bytes[0..7]=7c 7d 02 6a 51 91 4e 00 decoded: dia=81 sys=145 pulse=78
05-13 12:48:17.422 I/ReactNativeJS(19774): [ble-trace] notify cmd=0x14 payload[0..3]=07 26 02 6a listeners=1
05-13 12:48:17.422 I/ReactNativeJS(19774): [ble-trace] parseBPReading ts=1778525703 bytes[0..7]=07 26 02 6a 57 8d 53 00 decoded: dia=87 sys=141 pulse=83
05-13 12:48:17.466 I/ReactNativeJS(19774): [ble-trace] notify cmd=0x14 payload[0..3]=a1 09 02 6a listeners=1
05-13 12:48:17.466 I/ReactNativeJS(19774): [ble-trace] parseBPReading ts=1778518433 bytes[0..7]=a1 09 02 6a 57 8f 3e 00 decoded: dia=87 sys=143 pulse=62
05-13 12:48:17.466 I/ReactNativeJS(19774): [ble-trace] notify cmd=0x14 payload[0..3]=88 f7 01 6a listeners=1
05-13 12:48:17.467 I/ReactNativeJS(19774): [ble-trace] parseBPReading ts=1778513800 bytes[0..7]=88 f7 01 6a 52 80 42 00 decoded: dia=82 sys=128 pulse=66
05-13 12:48:17.467 I/ReactNativeJS(19774): [ble-trace] notify cmd=0x14 payload[0..3]=50 f2 01 6a listeners=1
05-13 12:48:17.467 I/ReactNativeJS(19774): [ble-trace] parseBPReading ts=1778512464 bytes[0..7]=50 f2 01 6a 58 8d 44 00 decoded: dia=88 sys=141 pulse=68
05-13 12:48:17.468 I/ReactNativeJS(19774): [ble-trace] notify cmd=0x14 payload[0..3]=b4 f1 01 6a listeners=1
05-13 12:48:17.468 I/ReactNativeJS(19774): [ble-trace] parseBPReading ts=1778512308 bytes[0..7]=b4 f1 01 6a 56 8c 47 00 decoded: dia=86 sys=140 pulse=71
05-13 12:48:17.468 I/ReactNativeJS(19774): [ble-trace] notify cmd=0x14 payload[0..3]=c6 ed 01 6a listeners=1
05-13 12:48:17.468 I/ReactNativeJS(19774): [ble-trace] parseBPReading ts=1778511302 bytes[0..7]=c6 ed 01 6a 56 8a 47 00 decoded: dia=86 sys=138 pulse=71
05-13 12:48:17.469 I/ReactNativeJS(19774): [ble-trace] notify cmd=0x14 payload[0..3]=27 e9 01 6a listeners=1
05-13 12:48:17.469 I/ReactNativeJS(19774): [ble-trace] parseBPReading ts=1778510119 bytes[0..7]=27 e9 01 6a 5a 98 44 00 decoded: dia=90 sys=152 pulse=68
05-13 12:48:17.469 I/ReactNativeJS(19774): [ble-trace] notify cmd=0x14 payload[0..3]=27 e8 01 6a listeners=1
05-13 12:48:17.470 I/ReactNativeJS(19774): [ble-trace] parseBPReading ts=1778509863 bytes[0..7]=27 e8 01 6a 54 8b 41 00 decoded: dia=84 sys=139 pulse=65
05-13 12:48:17.471 I/ReactNativeJS(19774): [ble-trace] notify cmd=0x14 payload[0..3]=74 b0 01 6a listeners=1
05-13 12:48:17.471 I/ReactNativeJS(19774): [ble-trace] parseBPReading ts=1778495604 bytes[0..7]=74 b0 01 6a 52 86 55 00 decoded: dia=82 sys=134 pulse=85
05-13 12:48:17.471 I/ReactNativeJS(19774): [ble-trace] notify cmd=0x14 payload[0..3]=ec a8 01 6a listeners=1
05-13 12:48:17.472 I/ReactNativeJS(19774): [ble-trace] parseBPReading ts=1778493676 bytes[0..7]=ec a8 01 6a 53 8e 58 00 decoded: dia=83 sys=142 pulse=88
05-13 12:48:17.472 I/ReactNativeJS(19774): [ble-trace] notify cmd=0x14 payload[0..3]=21 61 01 6a listeners=1
05-13 12:48:17.472 I/ReactNativeJS(19774): [ble-trace] parseBPReading ts=1778475297 bytes[0..7]=21 61 01 6a 4e 79 49 00 decoded: dia=78 sys=121 pulse=73
05-13 12:48:17.516 I/ReactNativeJS(19774): [ble-trace] notify cmd=0x14 payload[0..3]=ed 24 01 6a listeners=1
05-13 12:48:17.516 I/ReactNativeJS(19774): [ble-trace] parseBPReading ts=1778459885 bytes[0..7]=ed 24 01 6a 59 8e 49 00 decoded: dia=89 sys=142 pulse=73
05-13 12:48:17.517 I/ReactNativeJS(19774): [ble-trace] notify cmd=0x14 payload[0..3]=7e 81 00 6a listeners=1
05-13 12:48:17.517 I/ReactNativeJS(19774): [ble-trace] parseBPReading ts=1778418046 bytes[0..7]=7e 81 00 6a 48 72 5d 00 decoded: dia=72 sys=114 pulse=93
05-13 12:48:17.517 I/ReactNativeJS(19774): [ble-trace] notify cmd=0x14 payload[0..3]=ac 7b 00 6a listeners=1
05-13 12:48:17.518 I/ReactNativeJS(19774): [ble-trace] parseBPReading ts=1778416556 bytes[0..7]=ac 7b 00 6a 5a 94 49 00 decoded: dia=90 sys=148 pulse=73
05-13 12:48:17.518 I/ReactNativeJS(19774): [ble-trace] notify cmd=0x14 payload[0..3]=55 7b 00 6a listeners=1
05-13 12:48:17.518 I/ReactNativeJS(19774): [ble-trace] parseBPReading ts=1778416469 bytes[0..7]=55 7b 00 6a 5f 97 4c 00 decoded: dia=95 sys=151 pulse=76
05-13 12:48:17.518 I/ReactNativeJS(19774): [ble-trace] notify cmd=0x14 payload[0..3]=66 57 00 6a listeners=1
05-13 12:48:17.519 I/ReactNativeJS(19774): [ble-trace] parseBPReading ts=1778407270 bytes[0..7]=66 57 00 6a 59 90 53 00 decoded: dia=89 sys=144 pulse=83
05-13 12:48:17.519 I/ReactNativeJS(19774): [ble-trace] notify cmd=0x14 payload[0..3]=d9 fe fe 69 listeners=1
05-13 12:48:17.519 I/ReactNativeJS(19774): [ble-trace] parseBPReading ts=1778319065 bytes[0..7]=d9 fe fe 69 56 8a 4e 00 decoded: dia=86 sys=138 pulse=78
05-13 12:48:17.519 I/ReactNativeJS(19774): [ble-trace] notify cmd=0x14 payload[0..3]=7a 91 fe 69 listeners=1
05-13 12:48:17.520 I/ReactNativeJS(19774): [ble-trace] parseBPReading ts=1778291066 bytes[0..7]=7a 91 fe 69 56 85 4b 00 decoded: dia=86 sys=133 pulse=75
05-13 12:48:17.520 I/ReactNativeJS(19774): [ble-trace] notify cmd=0x14 payload[0..3]=1d 7e fe 69 listeners=1
05-13 12:48:17.520 I/ReactNativeJS(19774): [ble-trace] parseBPReading ts=1778286109 bytes[0..7]=1d 7e fe 69 58 92 49 00 decoded: dia=88 sys=146 pulse=73
05-13 12:48:17.520 I/ReactNativeJS(19774): [ble-trace] notify cmd=0x14 payload[0..3]=5c 0f fe 69 listeners=1
05-13 12:48:17.520 I/ReactNativeJS(19774): [ble-trace] parseBPReading ts=1778257756 bytes[0..7]=5c 0f fe 69 4c 71 51 00 decoded: dia=76 sys=113 pulse=81
05-13 12:48:17.521 I/ReactNativeJS(19774): [ble-trace] notify cmd=0x14 payload[0..3]=a7 c1 fd 69 listeners=1
05-13 12:48:17.521 I/ReactNativeJS(19774): [ble-trace] parseBPReading ts=1778237863 bytes[0..7]=a7 c1 fd 69 4d 77 4e 00 decoded: dia=77 sys=119 pulse=78
05-13 12:48:17.560 I/ReactNativeJS(19774): [ble-trace] notify cmd=0x14 payload[0..3]=0a c1 fd 69 listeners=1
05-13 12:48:17.561 I/ReactNativeJS(19774): [ble-trace] parseBPReading ts=1778237706 bytes[0..7]=0a c1 fd 69 5d 94 4e 00 decoded: dia=93 sys=148 pulse=78
05-13 12:48:17.562 I/ReactNativeJS(19774): [ble-trace] notify cmd=0x14 payload[0..3]=97 70 fd 69 listeners=1
05-13 12:48:17.563 I/ReactNativeJS(19774): [ble-trace] parseBPReading ts=1778217111 bytes[0..7]=97 70 fd 69 56 89 51 00 decoded: dia=86 sys=137 pulse=81
05-13 12:48:17.564 I/ReactNativeJS(19774): [ble-trace] notify cmd=0x14 payload[0..3]=ee 65 fc 69 listeners=1
05-13 12:48:17.564 I/ReactNativeJS(19774): [ble-trace] parseBPReading ts=1778148846 bytes[0..7]=ee 65 fc 69 55 87 49 00 decoded: dia=85 sys=135 pulse=73
05-13 12:48:17.565 I/ReactNativeJS(19774): [ble-trace] notify cmd=0x14 payload[0..3]=f3 62 fc 69 listeners=1
05-13 12:48:17.566 I/ReactNativeJS(19774): [ble-trace] parseBPReading ts=1778148083 bytes[0..7]=f3 62 fc 69 5d 96 49 00 decoded: dia=93 sys=150 pulse=73
05-13 12:48:17.567 I/ReactNativeJS(19774): [ble-trace] notify cmd=0x14 payload[0..3]=32 e6 fb 69 listeners=1
05-13 12:48:17.567 I/ReactNativeJS(19774): [ble-trace] parseBPReading ts=1778116146 bytes[0..7]=32 e6 fb 69 55 8c 4b 00 decoded: dia=85 sys=140 pulse=75
05-13 12:48:17.568 I/ReactNativeJS(19774): [ble-trace] notify cmd=0x14 payload[0..3]=d6 e4 fb 69 listeners=1
05-13 12:48:17.569 I/ReactNativeJS(19774): [ble-trace] parseBPReading ts=1778115798 bytes[0..7]=d6 e4 fb 69 59 90 4c 00 decoded: dia=89 sys=144 pulse=76
05-13 12:48:17.570 I/ReactNativeJS(19774): [ble-trace] notify cmd=0x14 payload[0..3]=36 de fb 69 listeners=1
05-13 12:48:17.570 I/ReactNativeJS(19774): [ble-trace] parseBPReading ts=1778114102 bytes[0..7]=36 de fb 69 4e 79 45 00 decoded: dia=78 sys=121 pulse=69
05-13 12:48:17.571 I/ReactNativeJS(19774): [ble-trace] notify cmd=0x14 payload[0..3]=57 52 fb 69 listeners=1
05-13 12:48:17.572 I/ReactNativeJS(19774): [ble-trace] parseBPReading ts=1778078295 bytes[0..7]=57 52 fb 69 57 85 60 00 decoded: dia=87 sys=133 pulse=96
05-13 12:48:17.572 I/ReactNativeJS(19774): [ble-trace] notify cmd=0x14 payload[0..3]=2a 50 fb 69 listeners=1
05-13 12:48:17.572 I/ReactNativeJS(19774): [ble-trace] parseBPReading ts=1778077738 bytes[0..7]=2a 50 fb 69 59 93 51 00 decoded: dia=89 sys=147 pulse=81
05-13 12:48:17.573 I/ReactNativeJS(19774): [ble-trace] notify cmd=0x14 payload[0..3]=7f 4f fb 69 listeners=1
05-13 12:48:17.574 I/ReactNativeJS(19774): [ble-trace] parseBPReading ts=1778077567 bytes[0..7]=7f 4f fb 69 53 80 58 00 decoded: dia=83 sys=128 pulse=88
05-13 12:48:17.612 I/ReactNativeJS(19774): [ble-trace] notify cmd=0x14 payload[0..3]=17 4c fb 69 listeners=1
05-13 12:48:17.613 I/ReactNativeJS(19774): [ble-trace] parseBPReading ts=1778076695 bytes[0..7]=17 4c fb 69 58 91 51 00 decoded: dia=88 sys=145 pulse=81
05-13 12:48:17.614 I/ReactNativeJS(19774): [ble-trace] notify cmd=0x14 payload[0..3]=95 4b fb 69 listeners=1
05-13 12:48:17.614 I/ReactNativeJS(19774): [ble-trace] parseBPReading ts=1778076565 bytes[0..7]=95 4b fb 69 56 8c 53 00 decoded: dia=86 sys=140 pulse=83
05-13 12:48:17.616 I/ReactNativeJS(19774): [ble-trace] notify cmd=0x14 payload[0..3]=cd 84 fa 69 listeners=1
05-13 12:48:17.617 I/ReactNativeJS(19774): [ble-trace] parseBPReading ts=1778025677 bytes[0..7]=cd 84 fa 69 56 90 49 00 decoded: dia=86 sys=144 pulse=73
05-13 12:48:17.618 I/ReactNativeJS(19774): [ble-trace] notify cmd=0x14 payload[0..3]=cd bf f9 69 listeners=1
05-13 12:48:17.619 I/ReactNativeJS(19774): [ble-trace] parseBPReading ts=1777975245 bytes[0..7]=cd bf f9 69 54 80 53 00 decoded: dia=84 sys=128 pulse=83
05-13 12:48:17.624 I/ReactNativeJS(19774): [ble-trace] notify cmd=0x14 payload[0..3]=62 7c f9 69 listeners=1
05-13 12:48:17.625 I/ReactNativeJS(19774): [ble-trace] parseBPReading ts=1777957986 bytes[0..7]=62 7c f9 69 55 86 6b 00 decoded: dia=85 sys=134 pulse=107
05-13 12:48:17.625 I/ReactNativeJS(19774): [ble-trace] notify cmd=0x14 payload[0..3]=4f 33 f9 69 listeners=1
05-13 12:48:17.625 I/ReactNativeJS(19774): [ble-trace] parseBPReading ts=1777939279 bytes[0..7]=4f 33 f9 69 54 93 45 00 decoded: dia=84 sys=147 pulse=69
05-13 12:48:17.626 I/ReactNativeJS(19774): [ble-trace] notify cmd=0x14 payload[0..3]=e3 a1 f8 69 listeners=1
05-13 12:48:17.626 I/ReactNativeJS(19774): [ble-trace] parseBPReading ts=1777902051 bytes[0..7]=e3 a1 f8 69 57 8a 55 00 decoded: dia=87 sys=138 pulse=85
05-13 12:48:17.627 I/ReactNativeJS(19774): [ble-trace] notify cmd=0x14 payload[0..3]=95 a1 f8 69 listeners=1
05-13 12:48:17.627 I/ReactNativeJS(19774): [ble-trace] parseBPReading ts=1777901973 bytes[0..7]=95 a1 f8 69 48 55 53 00 decoded: dia=72 sys=85 pulse=83
05-13 12:48:17.628 I/ReactNativeJS(19774): [ble-trace] notify cmd=0x14 payload[0..3]=d3 fe f7 69 listeners=1
05-13 12:48:17.629 I/ReactNativeJS(19774): [ble-trace] parseBPReading ts=1777860307 bytes[0..7]=d3 fe f7 69 54 89 4e 00 decoded: dia=84 sys=137 pulse=78
05-13 12:48:17.629 I/ReactNativeJS(19774): [ble-trace] notify cmd=0x14 payload[0..3]=26 db f7 69 listeners=1
05-13 12:48:17.630 I/ReactNativeJS(19774): [ble-trace] parseBPReading ts=1777851174 bytes[0..7]=26 db f7 69 59 8d 49 00 decoded: dia=89 sys=141 pulse=73
05-13 12:48:17.630 I/ReactNativeJS(19774): [ble-trace] syncBacklog readBPHistory returned 50 packet(s); first.ts=1778645920 last.ts=1777851174
05-13 12:48:17.631 I/ReactNativeJS(19774): [ble-trace] syncBacklog exit pulled=0 (filtered from 50); cursor 1778645920 → 1778645920
05-13 12:48:17.632 I/ReactNativeJS(19774): '[analytics]', 'sync_completed', { trigger: 'cold_start',
05-13 12:48:17.632 I/ReactNativeJS(19774):   batches: 1,
05-13 12:48:17.632 I/ReactNativeJS(19774):   hitBatchCap: false,
05-13 12:48:17.632 I/ReactNativeJS(19774):   pulled: 0 }
05-13 12:48:17.641 I/ReactNativeJS(19774): [ble-trace] applyDeviceConfig skipped — dirty=false force=false sinceFlushMs=2360160 (debounce 3600000ms)
05-13 12:48:17.644 I/ReactNativeJS(19774): [ble-trace] syncMultiVitals.hr enter cursor.hr=1778675400 days=[2026-05-13]
05-13 12:48:17.648 I/ReactNativeJS(19774): [ble-trace] syncMultiVitals.spo2 enter cursor.spo2=2026-05-13 days=[2026-05-13]
05-13 12:48:17.651 I/ReactNativeJS(19774): [ble-trace] syncMultiVitals.dayInfo enter cursor.sleep=2026-05-13 cursor.activity=2026-05-13 allDays=[2026-05-13]
05-13 12:48:17.754 I/ReactNativeJS(19774): [ble-trace] notify cmd=0x15 payload[0..3]=00 18 05 00 listeners=3
05-13 12:48:17.754 I/ReactNativeJS(19774): [ble-trace] readHRHistory index totalPackets=24 intervalMinutes=5 (returned to caller)
05-13 12:48:17.756 I/ReactNativeJS(19774): [ble-trace] notify cmd=0x15 payload[0..3]=01 00 bf 03 listeners=3
05-13 12:48:17.757 I/ReactNativeJS(19774): [ble-trace] notify cmd=0x15 payload[0..3]=02 4f 51 65 listeners=3
05-13 12:48:17.758 I/ReactNativeJS(19774): [ble-trace] notify cmd=0x15 payload[0..3]=03 4a 4d 48 listeners=3
05-13 12:48:17.760 I/ReactNativeJS(19774): [ble-trace] notify cmd=0x15 payload[0..3]=04 53 4a 4c listeners=3
05-13 12:48:17.761 I/ReactNativeJS(19774): [ble-trace] notify cmd=0x15 payload[0..3]=05 43 46 47 listeners=3
05-13 12:48:17.761 I/ReactNativeJS(19774): [ble-trace] notify cmd=0x15 payload[0..3]=06 3f 37 3f listeners=3
05-13 12:48:17.762 I/ReactNativeJS(19774): [ble-trace] notify cmd=0x15 payload[0..3]=07 44 43 49 listeners=3
05-13 12:48:17.763 I/ReactNativeJS(19774): [ble-trace] notify cmd=0x15 payload[0..3]=08 40 48 59 listeners=3
05-13 12:48:17.764 I/ReactNativeJS(19774): [ble-trace] notify cmd=0x15 payload[0..3]=09 3c 3e 4b listeners=3
05-13 12:48:17.803 I/ReactNativeJS(19774): [ble-trace] notify cmd=0x15 payload[0..3]=0a 00 00 00 listeners=3
05-13 12:48:17.804 I/ReactNativeJS(19774): [ble-trace] notify cmd=0x15 payload[0..3]=0b 52 4d 4d listeners=3
05-13 12:48:17.804 I/ReactNativeJS(19774): [ble-trace] notify cmd=0x15 payload[0..3]=0c 5d 58 4d listeners=3
05-13 12:48:17.805 I/ReactNativeJS(19774): [ble-trace] notify cmd=0x15 payload[0..3]=0d 59 58 00 listeners=3
05-13 12:48:17.805 I/ReactNativeJS(19774): [ble-trace] notify cmd=0x15 payload[0..3]=0e 00 00 00 listeners=3
05-13 12:48:17.806 I/ReactNativeJS(19774): [ble-trace] notify cmd=0x15 payload[0..3]=0f 00 00 00 listeners=3
05-13 12:48:17.806 I/ReactNativeJS(19774): [ble-trace] notify cmd=0x15 payload[0..3]=10 00 00 00 listeners=3
05-13 12:48:17.813 I/ReactNativeJS(19774): [ble-trace] notify cmd=0x15 payload[0..3]=11 00 00 00 listeners=3
05-13 12:48:17.813 I/ReactNativeJS(19774): [ble-trace] notify cmd=0x15 payload[0..3]=12 00 00 00 listeners=3
05-13 12:48:17.814 I/ReactNativeJS(19774): [ble-trace] notify cmd=0x15 payload[0..3]=13 00 00 00 listeners=3
05-13 12:48:17.852 I/ReactNativeJS(19774): [ble-trace] notify cmd=0x15 payload[0..3]=14 00 00 00 listeners=3
05-13 12:48:17.852 I/ReactNativeJS(19774): [ble-trace] notify cmd=0x15 payload[0..3]=15 00 00 00 listeners=3
05-13 12:48:17.852 I/ReactNativeJS(19774): [ble-trace] notify cmd=0x15 payload[0..3]=16 00 00 00 listeners=3
05-13 12:48:17.854 I/ReactNativeJS(19774): [ble-trace] notify cmd=0x15 payload[0..3]=17 00 00 00 listeners=3
05-13 12:48:17.854 I/ReactNativeJS(19774): [ble-trace] syncMultiVitals.hr day=2026-05-13 readHRHistory returned 143 samples (intervalSec=300, sampleWindowSec=300)
05-13 12:48:17.906 I/ReactNativeJS(19774): '[analytics]', 'vital_persisted', { vital_type: 'hr', count: 1 }
05-13 12:48:17.936 I/ReactNativeJS(19774): '[analytics]', 'vital_persisted', { vital_type: 'hr', count: 1 }
05-13 12:48:17.961 I/ReactNativeJS(19774): '[analytics]', 'vital_persisted', { vital_type: 'hr', count: 1 }
05-13 12:48:17.962 I/ReactNativeJS(19774): [ble-trace] syncMultiVitals.hr exit totalPulled=3 newestRaw=1778676300
05-13 12:48:18.057 I/ReactNativeJS(19774): [ble-trace] notify cmd=0x2d payload[0..3]=00 04 3c 00 listeners=2
05-13 12:48:18.057 I/ReactNativeJS(19774): [ble-trace] readSpO2History index totalPackets=4 intervalMinutes=60 (assumed 60 in slice config)
05-13 12:48:18.057 I/ReactNativeJS(19774): [ble-trace] notify cmd=0x2d payload[0..3]=01 00 bf 03 listeners=2
05-13 12:48:18.057 I/ReactNativeJS(19774): [ble-trace] notify cmd=0x2d payload[0..3]=02 61 62 62 listeners=2
05-13 12:48:18.058 I/ReactNativeJS(19774): [ble-trace] notify cmd=0x2d payload[0..3]=03 00 00 00 listeners=2
05-13 12:48:18.058 I/ReactNativeJS(19774): [ble-trace] syncMultiVitals.spo2 day=2026-05-13 readSpO2History returned 6 samples
05-13 12:48:18.059 I/ReactNativeJS(19774): '[analytics]', 'vital_persisted', { vital_type: 'spo2', count: 1 }
05-13 12:48:18.060 I/ReactNativeJS(19774): '[analytics]', 'vital_persisted', { vital_type: 'spo2', count: 1 }
05-13 12:48:18.065 I/ReactNativeJS(19774): '[analytics]', 'vital_persisted', { vital_type: 'spo2', count: 1 }
05-13 12:48:18.066 I/ReactNativeJS(19774): '[analytics]', 'vital_persisted', { vital_type: 'spo2', count: 1 }
05-13 12:48:18.067 I/ReactNativeJS(19774): '[analytics]', 'vital_persisted', { vital_type: 'spo2', count: 1 }
05-13 12:48:18.068 I/ReactNativeJS(19774): '[analytics]', 'vital_persisted', { vital_type: 'spo2', count: 1 }
05-13 12:48:18.069 I/ReactNativeJS(19774): [ble-trace] syncMultiVitals.spo2 exit totalPulled=6
05-13 12:48:18.171 I/ReactNativeJS(19774): [ble-trace] notify cmd=0x07 payload[0..3]=00 00 26 05 listeners=1
05-13 12:48:18.171 I/ReactNativeJS(19774): [ble-trace] readDayInfo packet idx=0x00 daysAgo=0 payload=00 00 26 05 13 00 02 e0 9b d1 01 00 01 c3
05-13 12:48:18.172 I/ReactNativeJS(19774): [ble-trace] notify cmd=0x07 payload[0..3]=01 00 26 05 listeners=1
05-13 12:48:18.172 I/ReactNativeJS(19774): [ble-trace] readDayInfo packet idx=0x01 daysAgo=0 payload=01 00 26 05 13 02 57 00 76 01 ab 00 1e 00
05-13 12:48:18.172 I/ReactNativeJS(19774): [ble-trace] syncMultiVitals.dayInfo day=2026-05-13 daysAgo=0 activity=steps=736 sleep=min=599
05-13 12:48:18.173 I/ReactNativeJS(19774): '[analytics]', 'vital_persisted', { vital_type: 'activity', count: 1 }
05-13 12:48:18.174 I/ReactNativeJS(19774): '[analytics]', 'vital_persisted', { vital_type: 'calories', count: 1 }
05-13 12:48:18.174 I/ReactNativeJS(19774): [ble-trace] syncMultiVitals.dayInfo exit sleepCount=0 activityCount=1
05-13 12:48:18.841 I/ReactNativeJS(19774): '[analytics]', 'vital_sync_accepted', { vital_type: 'spo2', count: 124 }
05-13 12:48:18.854 I/ReactNativeJS(19774): '[analytics]', 'vital_sync_accepted', { vital_type: 'activity', count: 11 }
05-13 12:48:18.858 I/ReactNativeJS(19774): '[analytics]', 'vital_sync_accepted', { vital_type: 'calories', count: 11 }
05-13 12:48:20.328 I/ReactNativeJS(19774): '[analytics]', 'vital_sync_accepted', { vital_type: 'hr', count: 100 }
05-13 12:48:21.674 I/ReactNativeJS(19774): '[analytics]', 'vital_sync_accepted', { vital_type: 'hr', count: 100 }
05-13 12:48:22.928 I/ReactNativeJS(19774): '[analytics]', 'vital_sync_accepted', { vital_type: 'hr', count: 100 }
05-13 12:48:24.221 I/ReactNativeJS(19774): '[analytics]', 'vital_sync_accepted', { vital_type: 'hr', count: 100 }
05-13 12:48:25.387 I/ReactNativeJS(19774): '[analytics]', 'vital_sync_accepted', { vital_type: 'hr', count: 100 }
05-13 12:48:26.597 I/ReactNativeJS(19774): '[analytics]', 'vital_sync_accepted', { vital_type: 'hr', count: 100 }
05-13 12:48:27.818 I/ReactNativeJS(19774): '[analytics]', 'vital_sync_accepted', { vital_type: 'hr', count: 100 }
05-13 12:48:28.993 I/ReactNativeJS(19774): '[analytics]', 'vital_sync_accepted', { vital_type: 'hr', count: 100 }
05-13 12:48:30.068 I/ReactNativeJS(19774): '[analytics]', 'vital_sync_accepted', { vital_type: 'hr', count: 100 }
05-13 12:48:31.124 I/ReactNativeJS(19774): '[analytics]', 'vital_sync_accepted', { vital_type: 'hr', count: 100 }
05-13 12:48:32.156 I/ReactNativeJS(19774): '[analytics]', 'vital_sync_accepted', { vital_type: 'hr', count: 100 }
05-13 12:48:33.075 I/ReactNativeJS(19774): '[analytics]', 'vital_sync_accepted', { vital_type: 'hr', count: 100 }
05-13 12:48:33.914 I/ReactNativeJS(19774): '[analytics]', 'vital_sync_accepted', { vital_type: 'hr', count: 100 }
05-13 12:48:34.841 I/ReactNativeJS(19774): '[analytics]', 'vital_sync_accepted', { vital_type: 'hr', count: 100 }
05-13 12:48:35.962 I/ReactNativeJS(19774): '[analytics]', 'vital_sync_accepted', { vital_type: 'hr', count: 100 }
05-13 12:48:36.821 I/ReactNativeJS(19774): '[analytics]', 'vital_sync_accepted', { vital_type: 'hr', count: 100 }
05-13 12:48:37.762 I/ReactNativeJS(19774): '[analytics]', 'vital_sync_accepted', { vital_type: 'hr', count: 100 }
05-13 12:48:38.477 I/ReactNativeJS(19774): '[analytics]', 'vital_sync_accepted', { vital_type: 'hr', count: 100 }
05-13 12:48:39.145 I/ReactNativeJS(19774): '[analytics]', 'vital_sync_accepted', { vital_type: 'hr', count: 100 }
05-13 12:48:39.798 I/ReactNativeJS(19774): '[analytics]', 'vital_sync_accepted', { vital_type: 'hr', count: 100 }
05-13 12:48:40.410 I/ReactNativeJS(19774): '[analytics]', 'vital_sync_accepted', { vital_type: 'hr', count: 100 }
05-13 12:48:41.018 I/ReactNativeJS(19774): '[analytics]', 'vital_sync_accepted', { vital_type: 'hr', count: 100 }
05-13 12:48:41.562 I/ReactNativeJS(19774): '[analytics]', 'vital_sync_accepted', { vital_type: 'hr', count: 100 }
05-13 12:48:42.054 I/ReactNativeJS(19774): '[analytics]', 'vital_sync_accepted', { vital_type: 'hr', count: 100 }
05-13 12:48:42.545 I/ReactNativeJS(19774): '[analytics]', 'vital_sync_accepted', { vital_type: 'hr', count: 100 }
05-13 12:48:42.941 I/ReactNativeJS(19774): '[analytics]', 'vital_sync_accepted', { vital_type: 'hr', count: 100 }
05-13 12:48:43.333 I/ReactNativeJS(19774): '[analytics]', 'vital_sync_accepted', { vital_type: 'hr', count: 100 }
05-13 12:48:43.712 I/ReactNativeJS(19774): '[analytics]', 'vital_sync_accepted', { vital_type: 'hr', count: 100 }
05-13 12:48:44.057 I/ReactNativeJS(19774): '[analytics]', 'vital_sync_accepted', { vital_type: 'hr', count: 100 }
05-13 12:48:44.417 I/ReactNativeJS(19774): '[analytics]', 'vital_sync_accepted', { vital_type: 'hr', count: 100 }
05-13 12:48:44.665 I/ReactNativeJS(19774): '[analytics]', 'vital_sync_accepted', { vital_type: 'hr', count: 100 }
05-13 12:48:44.887 I/ReactNativeJS(19774): '[analytics]', 'vital_sync_accepted', { vital_type: 'hr', count: 9 }
05-13 12:48:44.999 I/ReactNativeJS(19774): '[analytics]', 'vital_sync_accepted', { vital_type: 'hr', count: 3109 }
