--------- beginning of main
05-12 22:46:48.416 I/ReactNativeJS( 7076): '[take-reading] begin: connecting to', 'CA:BF:55:1F:01:3C'
05-12 22:46:48.418 I/ReactNativeJS( 7076): '[analytics]', 'take_reading_started', { trigger: 'fab' }
05-12 22:46:55.842 I/ReactNativeJS( 7076): [take-reading] connected; flushing device config + backlog sync
05-12 22:46:55.844 I/ReactNativeJS( 7076): [ble-trace] applyDeviceConfig start — force=true dirty=false autoHR=true autoSpO2=true hasDemographics=true
05-12 22:46:55.950 I/ReactNativeJS( 7076): [ble-trace] notify cmd=0x16 payload[0..3]=02 01 00 00 listeners=1
05-12 22:46:55.952 I/ReactNativeJS( 7076): [ble-trace] applyDeviceConfig step=autoHr ok
05-12 22:46:56.031 I/ReactNativeJS( 7076): [ble-trace] notify cmd=0x2c payload[0..3]=02 01 00 00 listeners=1
05-12 22:46:56.033 I/ReactNativeJS( 7076): [ble-trace] applyDeviceConfig step=autoSpo2 ok
05-12 22:46:56.135 I/ReactNativeJS( 7076): [ble-trace] notify cmd=0x0a payload[0..3]=02 00 00 00 listeners=1
05-12 22:46:56.136 I/ReactNativeJS( 7076): [ble-trace] applyDeviceConfig step=userParams ok
05-12 22:46:56.233 I/ReactNativeJS( 7076): [ble-trace] notify cmd=0x21 payload[0..3]=02 70 17 00 listeners=1
05-12 22:46:56.235 I/ReactNativeJS( 7076): [ble-trace] applyDeviceConfig step=goals ok
05-12 22:46:56.236 I/ReactNativeJS( 7076): [ble-trace] applyDeviceConfig done — steps=4 [autoHr,autoSpo2,userParams,goals]
05-12 22:46:56.238 I/ReactNativeJS( 7076): '[analytics]', 'device_config_flushed', { steps: 4 }
05-12 22:46:56.242 I/ReactNativeJS( 7076): [take-reading] applyDeviceConfig steps=4
05-12 22:46:56.327 I/ReactNativeJS( 7076): [ble-trace] notify cmd=0x01 payload[0..3]=00 00 00 00 listeners=1
05-12 22:46:56.329 I/ReactNativeJS( 7076): [ble-trace] syncBacklog enter deviceBleId=CA:BF:55:1F:01:3C lastSync=1777901973 (raw watch sec)
05-12 22:46:56.426 I/ReactNativeJS( 7076): [ble-trace] notify cmd=0x14 payload[0..3]=d3 fe f7 69 listeners=1
05-12 22:46:56.429 I/ReactNativeJS( 7076): [ble-trace] notify cmd=0x14 payload[0..3]=26 db f7 69 listeners=1
05-12 22:46:56.431 I/ReactNativeJS( 7076): [ble-trace] notify cmd=0x14 payload[0..3]=87 11 f7 69 listeners=1
05-12 22:46:56.432 I/ReactNativeJS( 7076): [ble-trace] notify cmd=0x14 payload[0..3]=41 11 f7 69 listeners=1
05-12 22:46:56.433 I/ReactNativeJS( 7076): [ble-trace] notify cmd=0x14 payload[0..3]=02 c7 f6 69 listeners=1
05-12 22:46:56.433 I/ReactNativeJS( 7076): [ble-trace] notify cmd=0x14 payload[0..3]=b9 c6 f6 69 listeners=1
05-12 22:46:56.435 I/ReactNativeJS( 7076): [ble-trace] notify cmd=0x14 payload[0..3]=ca 90 f6 69 listeners=1
05-12 22:46:56.435 I/ReactNativeJS( 7076): [ble-trace] notify cmd=0x14 payload[0..3]=33 1a f6 69 listeners=1
05-12 22:46:56.436 I/ReactNativeJS( 7076): [ble-trace] notify cmd=0x14 payload[0..3]=28 fe f5 69 listeners=1
05-12 22:46:56.436 I/ReactNativeJS( 7076): [ble-trace] notify cmd=0x14 payload[0..3]=e9 f7 f5 69 listeners=1
05-12 22:46:56.471 I/ReactNativeJS( 7076): [ble-trace] notify cmd=0x14 payload[0..3]=2a b4 f5 69 listeners=1
05-12 22:46:56.473 I/ReactNativeJS( 7076): [ble-trace] notify cmd=0x14 payload[0..3]=0e 75 f5 69 listeners=1
05-12 22:46:56.476 I/ReactNativeJS( 7076): [ble-trace] notify cmd=0x14 payload[0..3]=3c 45 f5 69 listeners=1
05-12 22:46:56.477 I/ReactNativeJS( 7076): [ble-trace] notify cmd=0x14 payload[0..3]=10 d0 f4 69 listeners=1
05-12 22:46:56.477 I/ReactNativeJS( 7076): [ble-trace] notify cmd=0x14 payload[0..3]=17 3e f4 69 listeners=1
05-12 22:46:56.478 I/ReactNativeJS( 7076): [ble-trace] notify cmd=0x14 payload[0..3]=66 32 f4 69 listeners=1
05-12 22:46:56.478 I/ReactNativeJS( 7076): [ble-trace] notify cmd=0x14 payload[0..3]=06 32 f4 69 listeners=1
05-12 22:46:56.479 I/ReactNativeJS( 7076): [ble-trace] notify cmd=0x14 payload[0..3]=17 22 f3 69 listeners=1
05-12 22:46:56.479 I/ReactNativeJS( 7076): [ble-trace] notify cmd=0x14 payload[0..3]=23 9a f2 69 listeners=1
05-12 22:46:56.480 I/ReactNativeJS( 7076): [ble-trace] notify cmd=0x14 payload[0..3]=c3 99 f2 69 listeners=1
05-12 22:46:56.517 I/ReactNativeJS( 7076): [ble-trace] notify cmd=0x14 payload[0..3]=8e 90 f2 69 listeners=1
05-12 22:46:56.518 I/ReactNativeJS( 7076): [ble-trace] notify cmd=0x14 payload[0..3]=bf e8 f1 69 listeners=1
05-12 22:46:56.519 I/ReactNativeJS( 7076): [ble-trace] notify cmd=0x14 payload[0..3]=73 db f1 69 listeners=1
05-12 22:46:56.520 I/ReactNativeJS( 7076): [ble-trace] notify cmd=0x14 payload[0..3]=0f a9 f1 69 listeners=1
05-12 22:46:56.520 I/ReactNativeJS( 7076): [ble-trace] notify cmd=0x14 payload[0..3]=be 4c f1 69 listeners=1
05-12 22:46:56.520 I/ReactNativeJS( 7076): [ble-trace] notify cmd=0x14 payload[0..3]=1d 27 f1 69 listeners=1
05-12 22:46:56.526 I/ReactNativeJS( 7076): [ble-trace] notify cmd=0x14 payload[0..3]=e1 26 f1 69 listeners=1
05-12 22:46:56.528 I/ReactNativeJS( 7076): [ble-trace] notify cmd=0x14 payload[0..3]=73 1a f1 69 listeners=1
05-12 22:46:56.531 I/ReactNativeJS( 7076): [ble-trace] notify cmd=0x14 payload[0..3]=33 1a f1 69 listeners=1
05-12 22:46:56.533 I/ReactNativeJS( 7076): [ble-trace] notify cmd=0x14 payload[0..3]=f7 19 f1 69 listeners=1
05-12 22:46:56.566 I/ReactNativeJS( 7076): [ble-trace] notify cmd=0x14 payload[0..3]=db 9c f0 69 listeners=1
05-12 22:46:56.567 I/ReactNativeJS( 7076): [ble-trace] notify cmd=0x14 payload[0..3]=48 97 f0 69 listeners=1
05-12 22:46:56.568 I/ReactNativeJS( 7076): [ble-trace] notify cmd=0x14 payload[0..3]=46 77 f0 69 listeners=1
05-12 22:46:56.569 I/ReactNativeJS( 7076): [ble-trace] notify cmd=0x14 payload[0..3]=fa 60 f0 69 listeners=1
05-12 22:46:56.570 I/ReactNativeJS( 7076): [ble-trace] notify cmd=0x14 payload[0..3]=21 4a f0 69 listeners=1
05-12 22:46:56.571 I/ReactNativeJS( 7076): [ble-trace] notify cmd=0x14 payload[0..3]=e0 49 f0 69 listeners=1
05-12 22:46:56.571 I/ReactNativeJS( 7076): [ble-trace] notify cmd=0x14 payload[0..3]=e7 12 ee 69 listeners=1
05-12 22:46:56.573 I/ReactNativeJS( 7076): [ble-trace] notify cmd=0x14 payload[0..3]=56 fc ed 69 listeners=1
05-12 22:46:56.574 I/ReactNativeJS( 7076): [ble-trace] notify cmd=0x14 payload[0..3]=5b ec ed 69 listeners=1
05-12 22:46:56.575 I/ReactNativeJS( 7076): [ble-trace] notify cmd=0x14 payload[0..3]=a2 9c ec 69 listeners=1
05-12 22:46:56.615 I/ReactNativeJS( 7076): [ble-trace] notify cmd=0x14 payload[0..3]=85 84 eb 69 listeners=1
05-12 22:46:56.617 I/ReactNativeJS( 7076): [ble-trace] notify cmd=0x14 payload[0..3]=2e 74 eb 69 listeners=1
05-12 22:46:56.618 I/ReactNativeJS( 7076): [ble-trace] notify cmd=0x14 payload[0..3]=61 28 eb 69 listeners=1
05-12 22:46:56.619 I/ReactNativeJS( 7076): [ble-trace] notify cmd=0x14 payload[0..3]=f7 e9 ea 69 listeners=1
05-12 22:46:56.620 I/ReactNativeJS( 7076): [ble-trace] notify cmd=0x14 payload[0..3]=27 e9 ea 69 listeners=1
05-12 22:46:56.621 I/ReactNativeJS( 7076): [ble-trace] notify cmd=0x14 payload[0..3]=2d e8 ea 69 listeners=1
05-12 22:46:56.624 I/ReactNativeJS( 7076): [ble-trace] notify cmd=0x14 payload[0..3]=7a e7 ea 69 listeners=1
05-12 22:46:56.624 I/ReactNativeJS( 7076): [ble-trace] notify cmd=0x14 payload[0..3]=31 e7 ea 69 listeners=1
05-12 22:46:56.625 I/ReactNativeJS( 7076): [ble-trace] notify cmd=0x14 payload[0..3]=ae e6 ea 69 listeners=1
05-12 22:46:56.626 I/ReactNativeJS( 7076): [ble-trace] notify cmd=0x14 payload[0..3]=26 e6 ea 69 listeners=1
05-12 22:46:56.627 I/ReactNativeJS( 7076): [ble-trace] syncBacklog readBPHistory returned 50 packet(s); first.ts=1777860307 last.ts=1777002022
05-12 22:46:56.627 I/ReactNativeJS( 7076): [ble-trace] syncBacklog exit pulled=0 (filtered from 50); cursor 1777901973 → 1777901973
05-12 22:46:56.628 I/ReactNativeJS( 7076): [take-reading] backlog sync pulled 0 reading(s)
05-12 22:46:56.629 I/ReactNativeJS( 7076): [take-reading] subscribing to notifications
05-12 22:46:56.633 I/ReactNativeJS( 7076): [take-reading] phase: waiting_for_watch (press the BP button)
05-12 22:48:04.861 I/ReactNativeJS( 7076): [ble-trace] notify cmd=0x73 payload[0..3]=02 00 00 00 listeners=1
05-12 22:48:04.864 I/ReactNativeJS( 7076): [ble-trace] 0x73 kindByte=0x02 classified=bp
05-12 22:48:04.866 I/ReactNativeJS( 7076): [take-reading] 0x73 0x02 BP-ready notification received
05-12 22:48:04.930 I/ReactNativeJS( 7076): [ble-trace] notify cmd=0x33 payload[0..3]=00 00 00 00 listeners=2
05-12 22:48:05.106 I/ReactNativeJS( 7076): [ble-trace] notify cmd=0x01 payload[0..3]=00 00 00 00 listeners=2
05-12 22:48:05.107 I/ReactNativeJS( 7076): [ble-trace] syncBacklog enter deviceBleId=CA:BF:55:1F:01:3C lastSync=1777901973 (raw watch sec)
05-12 22:48:05.352 I/ReactNativeJS( 7076): [ble-trace] notify cmd=0x14 payload[0..3]=d3 fe f7 69 listeners=2
05-12 22:48:05.354 I/ReactNativeJS( 7076): [ble-trace] notify cmd=0x14 payload[0..3]=26 db f7 69 listeners=2
05-12 22:48:05.356 I/ReactNativeJS( 7076): [ble-trace] notify cmd=0x14 payload[0..3]=87 11 f7 69 listeners=2
05-12 22:48:05.359 I/ReactNativeJS( 7076): [ble-trace] notify cmd=0x14 payload[0..3]=41 11 f7 69 listeners=2
05-12 22:48:05.361 I/ReactNativeJS( 7076): [ble-trace] notify cmd=0x14 payload[0..3]=02 c7 f6 69 listeners=2
05-12 22:48:05.361 I/ReactNativeJS( 7076): [ble-trace] notify cmd=0x14 payload[0..3]=b9 c6 f6 69 listeners=2
05-12 22:48:05.363 I/ReactNativeJS( 7076): [ble-trace] notify cmd=0x14 payload[0..3]=ca 90 f6 69 listeners=2
05-12 22:48:05.363 I/ReactNativeJS( 7076): [ble-trace] notify cmd=0x14 payload[0..3]=33 1a f6 69 listeners=2
05-12 22:48:05.364 I/ReactNativeJS( 7076): [ble-trace] notify cmd=0x14 payload[0..3]=28 fe f5 69 listeners=2
05-12 22:48:05.366 I/ReactNativeJS( 7076): [ble-trace] notify cmd=0x14 payload[0..3]=e9 f7 f5 69 listeners=2
05-12 22:48:05.471 I/ReactNativeJS( 7076): [ble-trace] notify cmd=0x14 payload[0..3]=2a b4 f5 69 listeners=2
05-12 22:48:05.473 I/ReactNativeJS( 7076): [ble-trace] notify cmd=0x14 payload[0..3]=0e 75 f5 69 listeners=2
05-12 22:48:05.475 I/ReactNativeJS( 7076): [ble-trace] notify cmd=0x14 payload[0..3]=3c 45 f5 69 listeners=2
05-12 22:48:05.477 I/ReactNativeJS( 7076): [ble-trace] notify cmd=0x14 payload[0..3]=10 d0 f4 69 listeners=2
05-12 22:48:05.486 I/ReactNativeJS( 7076): [ble-trace] notify cmd=0x14 payload[0..3]=17 3e f4 69 listeners=2
05-12 22:48:05.487 I/ReactNativeJS( 7076): [ble-trace] notify cmd=0x14 payload[0..3]=66 32 f4 69 listeners=2
05-12 22:48:05.491 I/ReactNativeJS( 7076): [ble-trace] notify cmd=0x14 payload[0..3]=06 32 f4 69 listeners=2
05-12 22:48:05.492 I/ReactNativeJS( 7076): [ble-trace] notify cmd=0x14 payload[0..3]=17 22 f3 69 listeners=2
05-12 22:48:05.493 I/ReactNativeJS( 7076): [ble-trace] notify cmd=0x14 payload[0..3]=23 9a f2 69 listeners=2
05-12 22:48:05.494 I/ReactNativeJS( 7076): [ble-trace] notify cmd=0x14 payload[0..3]=c3 99 f2 69 listeners=2
05-12 22:48:05.602 I/ReactNativeJS( 7076): [ble-trace] notify cmd=0x14 payload[0..3]=8e 90 f2 69 listeners=2
05-12 22:48:05.606 I/ReactNativeJS( 7076): [ble-trace] notify cmd=0x14 payload[0..3]=bf e8 f1 69 listeners=2
05-12 22:48:05.608 I/ReactNativeJS( 7076): [ble-trace] notify cmd=0x14 payload[0..3]=73 db f1 69 listeners=2
05-12 22:48:05.609 I/ReactNativeJS( 7076): [ble-trace] notify cmd=0x14 payload[0..3]=0f a9 f1 69 listeners=2
05-12 22:48:05.610 I/ReactNativeJS( 7076): [ble-trace] notify cmd=0x14 payload[0..3]=be 4c f1 69 listeners=2
05-12 22:48:05.610 I/ReactNativeJS( 7076): [ble-trace] notify cmd=0x14 payload[0..3]=1d 27 f1 69 listeners=2
05-12 22:48:05.611 I/ReactNativeJS( 7076): [ble-trace] notify cmd=0x14 payload[0..3]=e1 26 f1 69 listeners=2
05-12 22:48:05.612 I/ReactNativeJS( 7076): [ble-trace] notify cmd=0x14 payload[0..3]=73 1a f1 69 listeners=2
05-12 22:48:05.613 I/ReactNativeJS( 7076): [ble-trace] notify cmd=0x14 payload[0..3]=33 1a f1 69 listeners=2
05-12 22:48:05.613 I/ReactNativeJS( 7076): [ble-trace] notify cmd=0x14 payload[0..3]=f7 19 f1 69 listeners=2
05-12 22:48:05.723 I/ReactNativeJS( 7076): [ble-trace] notify cmd=0x14 payload[0..3]=db 9c f0 69 listeners=2
05-12 22:48:05.725 I/ReactNativeJS( 7076): [ble-trace] notify cmd=0x14 payload[0..3]=48 97 f0 69 listeners=2
05-12 22:48:05.727 I/ReactNativeJS( 7076): [ble-trace] notify cmd=0x14 payload[0..3]=46 77 f0 69 listeners=2
05-12 22:48:05.729 I/ReactNativeJS( 7076): [ble-trace] notify cmd=0x14 payload[0..3]=fa 60 f0 69 listeners=2
05-12 22:48:05.730 I/ReactNativeJS( 7076): [ble-trace] notify cmd=0x14 payload[0..3]=21 4a f0 69 listeners=2
05-12 22:48:05.732 I/ReactNativeJS( 7076): [ble-trace] notify cmd=0x14 payload[0..3]=e0 49 f0 69 listeners=2
05-12 22:48:05.732 I/ReactNativeJS( 7076): [ble-trace] notify cmd=0x14 payload[0..3]=e7 12 ee 69 listeners=2
05-12 22:48:05.732 I/ReactNativeJS( 7076): [ble-trace] notify cmd=0x14 payload[0..3]=56 fc ed 69 listeners=2
05-12 22:48:05.733 I/ReactNativeJS( 7076): [ble-trace] notify cmd=0x14 payload[0..3]=5b ec ed 69 listeners=2
05-12 22:48:05.733 I/ReactNativeJS( 7076): [ble-trace] notify cmd=0x14 payload[0..3]=a2 9c ec 69 listeners=2
05-12 22:48:05.845 I/ReactNativeJS( 7076): [ble-trace] notify cmd=0x14 payload[0..3]=85 84 eb 69 listeners=2
05-12 22:48:05.847 I/ReactNativeJS( 7076): [ble-trace] notify cmd=0x14 payload[0..3]=2e 74 eb 69 listeners=2
05-12 22:48:05.848 I/ReactNativeJS( 7076): [ble-trace] notify cmd=0x14 payload[0..3]=61 28 eb 69 listeners=2
05-12 22:48:05.848 I/ReactNativeJS( 7076): [ble-trace] notify cmd=0x14 payload[0..3]=f7 e9 ea 69 listeners=2
05-12 22:48:05.849 I/ReactNativeJS( 7076): [ble-trace] notify cmd=0x14 payload[0..3]=27 e9 ea 69 listeners=2
05-12 22:48:05.850 I/ReactNativeJS( 7076): [ble-trace] notify cmd=0x14 payload[0..3]=2d e8 ea 69 listeners=2
05-12 22:48:05.851 I/ReactNativeJS( 7076): [ble-trace] notify cmd=0x14 payload[0..3]=7a e7 ea 69 listeners=2
05-12 22:48:05.852 I/ReactNativeJS( 7076): [ble-trace] notify cmd=0x14 payload[0..3]=31 e7 ea 69 listeners=2
05-12 22:48:05.854 I/ReactNativeJS( 7076): [ble-trace] notify cmd=0x14 payload[0..3]=ae e6 ea 69 listeners=2
05-12 22:48:05.855 I/ReactNativeJS( 7076): [ble-trace] notify cmd=0x14 payload[0..3]=26 e6 ea 69 listeners=2
05-12 22:48:05.856 I/ReactNativeJS( 7076): [ble-trace] syncBacklog readBPHistory returned 50 packet(s); first.ts=1777860307 last.ts=1777002022
05-12 22:48:05.856 I/ReactNativeJS( 7076): [ble-trace] syncBacklog exit pulled=0 (filtered from 50); cursor 1777901973 → 1777901973
05-12 22:48:05.857 I/ReactNativeJS( 7076): '[analytics]', 'take_reading_failed', { reason: 'no_reading' }
